2019-05-29 01:57:06.178 [http-nio-7091-exec-3] ERROR o.a.c.c.C.[.[.[.[dispatcherServlet]
				-Servlet.service() for servlet [dispatcherServlet] in context with path [/app] threw exception [Request processing failed; nested exception is java.lang.ClassCastException: java.lang.Integer cannot be cast to java.lang.Long] with root cause
java.lang.ClassCastException: java.lang.Integer cannot be cast to java.lang.Long
	at com.dk.provider.rake.service.impl.RakeRecordServiceImpl.countRebate(RakeRecordServiceImpl.java:85)
	at com.dk.provider.rake.service.impl.RakeRecordServiceImpl.queryRebate(RakeRecordServiceImpl.java:71)
	at com.alibaba.dubbo.common.bytecode.Wrapper18.invokeMethod(Wrapper18.java)
	at com.alibaba.dubbo.rpc.proxy.javassist.JavassistProxyFactory$1.doInvoke(JavassistProxyFactory.java:47)
	at com.alibaba.dubbo.rpc.proxy.AbstractProxyInvoker.invoke(AbstractProxyInvoker.java:76)
	at com.alibaba.dubbo.config.invoker.DelegateProviderMetaDataInvoker.invoke(DelegateProviderMetaDataInvoker.java:52)
	at com.alibaba.dubbo.rpc.protocol.InvokerWrapper.invoke(InvokerWrapper.java:56)
	at com.alibaba.dubbo.rpc.filter.ExceptionFilter.invoke(ExceptionFilter.java:62)
	at com.alibaba.dubbo.rpc.protocol.ProtocolFilterWrapper$1.invoke(ProtocolFilterWrapper.java:72)
	at com.alibaba.dubbo.monitor.support.MonitorFilter.invoke(MonitorFilter.java:75)
	at com.alibaba.dubbo.rpc.protocol.ProtocolFilterWrapper$1.invoke(ProtocolFilterWrapper.java:72)
	at com.alibaba.dubbo.rpc.filter.TimeoutFilter.invoke(TimeoutFilter.java:42)
	at com.alibaba.dubbo.rpc.protocol.ProtocolFilterWrapper$1.invoke(ProtocolFilterWrapper.java:72)
	at com.alibaba.dubbo.rpc.protocol.dubbo.filter.TraceFilter.invoke(TraceFilter.java:78)
	at com.alibaba.dubbo.rpc.protocol.ProtocolFilterWrapper$1.invoke(ProtocolFilterWrapper.java:72)
	at com.alibaba.dubbo.rpc.filter.ContextFilter.invoke(ContextFilter.java:73)
	at com.alibaba.dubbo.rpc.protocol.ProtocolFilterWrapper$1.invoke(ProtocolFilterWrapper.java:72)
	at com.alibaba.dubbo.rpc.filter.GenericFilter.invoke(GenericFilter.java:138)
	at com.alibaba.dubbo.rpc.protocol.ProtocolFilterWrapper$1.invoke(ProtocolFilterWrapper.java:72)
	at com.alibaba.dubbo.rpc.filter.ClassLoaderFilter.invoke(ClassLoaderFilter.java:38)
	at com.alibaba.dubbo.rpc.protocol.ProtocolFilterWrapper$1.invoke(ProtocolFilterWrapper.java:72)
	at com.alibaba.dubbo.rpc.filter.EchoFilter.invoke(EchoFilter.java:38)
	at com.alibaba.dubbo.rpc.protocol.ProtocolFilterWrapper$1.invoke(ProtocolFilterWrapper.java:72)
	at com.alibaba.dubbo.rpc.protocol.dubbo.DubboProtocol$1.reply(DubboProtocol.java:104)
	at com.alibaba.dubbo.remoting.exchange.support.header.HeaderExchangeHandler.handleRequest(HeaderExchangeHandler.java:96)
	at com.alibaba.dubbo.remoting.exchange.support.header.HeaderExchangeHandler.received(HeaderExchangeHandler.java:173)
	at com.alibaba.dubbo.remoting.transport.DecodeHandler.received(DecodeHandler.java:51)
	at com.alibaba.dubbo.remoting.transport.dispatcher.ChannelEventRunnable.run(ChannelEventRunnable.java:57)
	at java.util.concurrent.ThreadPoolExecutor.runWorker(ThreadPoolExecutor.java:1149)
	at java.util.concurrent.ThreadPoolExecutor$Worker.run(ThreadPoolExecutor.java:624)
	at java.lang.Thread.run(Thread.java:748)
2019-05-29 01:58:07.637 [http-nio-7091-exec-4] ERROR o.a.c.c.C.[.[.[.[dispatcherServlet]
				-Servlet.service() for servlet [dispatcherServlet] in context with path [/app] threw exception [Request processing failed; nested exception is java.lang.ClassCastException: java.lang.Integer cannot be cast to java.lang.Long] with root cause
java.lang.ClassCastException: java.lang.Integer cannot be cast to java.lang.Long
	at com.dk.provider.rake.service.impl.RakeRecordServiceImpl.countRebate(RakeRecordServiceImpl.java:85)
	at com.dk.provider.rake.service.impl.RakeRecordServiceImpl.queryRebate(RakeRecordServiceImpl.java:71)
	at com.alibaba.dubbo.common.bytecode.Wrapper18.invokeMethod(Wrapper18.java)
	at com.alibaba.dubbo.rpc.proxy.javassist.JavassistProxyFactory$1.doInvoke(JavassistProxyFactory.java:47)
	at com.alibaba.dubbo.rpc.proxy.AbstractProxyInvoker.invoke(AbstractProxyInvoker.java:76)
	at com.alibaba.dubbo.config.invoker.DelegateProviderMetaDataInvoker.invoke(DelegateProviderMetaDataInvoker.java:52)
	at com.alibaba.dubbo.rpc.protocol.InvokerWrapper.invoke(InvokerWrapper.java:56)
	at com.alibaba.dubbo.rpc.filter.ExceptionFilter.invoke(ExceptionFilter.java:62)
	at com.alibaba.dubbo.rpc.protocol.ProtocolFilterWrapper$1.invoke(ProtocolFilterWrapper.java:72)
	at com.alibaba.dubbo.monitor.support.MonitorFilter.invoke(MonitorFilter.java:75)
	at com.alibaba.dubbo.rpc.protocol.ProtocolFilterWrapper$1.invoke(ProtocolFilterWrapper.java:72)
	at com.alibaba.dubbo.rpc.filter.TimeoutFilter.invoke(TimeoutFilter.java:42)
	at com.alibaba.dubbo.rpc.protocol.ProtocolFilterWrapper$1.invoke(ProtocolFilterWrapper.java:72)
	at com.alibaba.dubbo.rpc.protocol.dubbo.filter.TraceFilter.invoke(TraceFilter.java:78)
	at com.alibaba.dubbo.rpc.protocol.ProtocolFilterWrapper$1.invoke(ProtocolFilterWrapper.java:72)
	at com.alibaba.dubbo.rpc.filter.ContextFilter.invoke(ContextFilter.java:73)
	at com.alibaba.dubbo.rpc.protocol.ProtocolFilterWrapper$1.invoke(ProtocolFilterWrapper.java:72)
	at com.alibaba.dubbo.rpc.filter.GenericFilter.invoke(GenericFilter.java:138)
	at com.alibaba.dubbo.rpc.protocol.ProtocolFilterWrapper$1.invoke(ProtocolFilterWrapper.java:72)
	at com.alibaba.dubbo.rpc.filter.ClassLoaderFilter.invoke(ClassLoaderFilter.java:38)
	at com.alibaba.dubbo.rpc.protocol.ProtocolFilterWrapper$1.invoke(ProtocolFilterWrapper.java:72)
	at com.alibaba.dubbo.rpc.filter.EchoFilter.invoke(EchoFilter.java:38)
	at com.alibaba.dubbo.rpc.protocol.ProtocolFilterWrapper$1.invoke(ProtocolFilterWrapper.java:72)
	at com.alibaba.dubbo.rpc.protocol.dubbo.DubboProtocol$1.reply(DubboProtocol.java:104)
	at com.alibaba.dubbo.remoting.exchange.support.header.HeaderExchangeHandler.handleRequest(HeaderExchangeHandler.java:96)
	at com.alibaba.dubbo.remoting.exchange.support.header.HeaderExchangeHandler.received(HeaderExchangeHandler.java:173)
	at com.alibaba.dubbo.remoting.transport.DecodeHandler.received(DecodeHandler.java:51)
	at com.alibaba.dubbo.remoting.transport.dispatcher.ChannelEventRunnable.run(ChannelEventRunnable.java:57)
	at java.util.concurrent.ThreadPoolExecutor.runWorker(ThreadPoolExecutor.java:1149)
	at java.util.concurrent.ThreadPoolExecutor$Worker.run(ThreadPoolExecutor.java:624)
	at java.lang.Thread.run(Thread.java:748)
2019-05-29 01:59:01.591 [http-nio-7091-exec-7] ERROR o.a.c.c.C.[.[.[.[dispatcherServlet]
				-Servlet.service() for servlet [dispatcherServlet] in context with path [/app] threw exception [Request processing failed; nested exception is java.lang.ClassCastException: java.lang.Integer cannot be cast to java.lang.Long] with root cause
java.lang.ClassCastException: java.lang.Integer cannot be cast to java.lang.Long
	at com.dk.provider.rake.service.impl.RakeRecordServiceImpl.countRebate(RakeRecordServiceImpl.java:85)
	at com.dk.provider.rake.service.impl.RakeRecordServiceImpl.queryRebate(RakeRecordServiceImpl.java:71)
	at com.alibaba.dubbo.common.bytecode.Wrapper18.invokeMethod(Wrapper18.java)
	at com.alibaba.dubbo.rpc.proxy.javassist.JavassistProxyFactory$1.doInvoke(JavassistProxyFactory.java:47)
	at com.alibaba.dubbo.rpc.proxy.AbstractProxyInvoker.invoke(AbstractProxyInvoker.java:76)
	at com.alibaba.dubbo.config.invoker.DelegateProviderMetaDataInvoker.invoke(DelegateProviderMetaDataInvoker.java:52)
	at com.alibaba.dubbo.rpc.protocol.InvokerWrapper.invoke(InvokerWrapper.java:56)
	at com.alibaba.dubbo.rpc.filter.ExceptionFilter.invoke(ExceptionFilter.java:62)
	at com.alibaba.dubbo.rpc.protocol.ProtocolFilterWrapper$1.invoke(ProtocolFilterWrapper.java:72)
	at com.alibaba.dubbo.monitor.support.MonitorFilter.invoke(MonitorFilter.java:75)
	at com.alibaba.dubbo.rpc.protocol.ProtocolFilterWrapper$1.invoke(ProtocolFilterWrapper.java:72)
	at com.alibaba.dubbo.rpc.filter.TimeoutFilter.invoke(TimeoutFilter.java:42)
	at com.alibaba.dubbo.rpc.protocol.ProtocolFilterWrapper$1.invoke(ProtocolFilterWrapper.java:72)
	at com.alibaba.dubbo.rpc.protocol.dubbo.filter.TraceFilter.invoke(TraceFilter.java:78)
	at com.alibaba.dubbo.rpc.protocol.ProtocolFilterWrapper$1.invoke(ProtocolFilterWrapper.java:72)
	at com.alibaba.dubbo.rpc.filter.ContextFilter.invoke(ContextFilter.java:73)
	at com.alibaba.dubbo.rpc.protocol.ProtocolFilterWrapper$1.invoke(ProtocolFilterWrapper.java:72)
	at com.alibaba.dubbo.rpc.filter.GenericFilter.invoke(GenericFilter.java:138)
	at com.alibaba.dubbo.rpc.protocol.ProtocolFilterWrapper$1.invoke(ProtocolFilterWrapper.java:72)
	at com.alibaba.dubbo.rpc.filter.ClassLoaderFilter.invoke(ClassLoaderFilter.java:38)
	at com.alibaba.dubbo.rpc.protocol.ProtocolFilterWrapper$1.invoke(ProtocolFilterWrapper.java:72)
	at com.alibaba.dubbo.rpc.filter.EchoFilter.invoke(EchoFilter.java:38)
	at com.alibaba.dubbo.rpc.protocol.ProtocolFilterWrapper$1.invoke(ProtocolFilterWrapper.java:72)
	at com.alibaba.dubbo.rpc.protocol.dubbo.DubboProtocol$1.reply(DubboProtocol.java:104)
	at com.alibaba.dubbo.remoting.exchange.support.header.HeaderExchangeHandler.handleRequest(HeaderExchangeHandler.java:96)
	at com.alibaba.dubbo.remoting.exchange.support.header.HeaderExchangeHandler.received(HeaderExchangeHandler.java:173)
	at com.alibaba.dubbo.remoting.transport.DecodeHandler.received(DecodeHandler.java:51)
	at com.alibaba.dubbo.remoting.transport.dispatcher.ChannelEventRunnable.run(ChannelEventRunnable.java:57)
	at java.util.concurrent.ThreadPoolExecutor.runWorker(ThreadPoolExecutor.java:1149)
	at java.util.concurrent.ThreadPoolExecutor$Worker.run(ThreadPoolExecutor.java:624)
	at java.lang.Thread.run(Thread.java:748)
2019-05-29 01:59:24.157 [http-nio-7091-exec-9] ERROR o.a.c.c.C.[.[.[.[dispatcherServlet]
				-Servlet.service() for servlet [dispatcherServlet] in context with path [/app] threw exception [Request processing failed; nested exception is java.lang.ClassCastException: java.lang.Integer cannot be cast to java.lang.Long] with root cause
java.lang.ClassCastException: java.lang.Integer cannot be cast to java.lang.Long
	at com.dk.provider.rake.service.impl.RakeRecordServiceImpl.countRebate(RakeRecordServiceImpl.java:85)
	at com.dk.provider.rake.service.impl.RakeRecordServiceImpl.queryRebate(RakeRecordServiceImpl.java:71)
	at com.alibaba.dubbo.common.bytecode.Wrapper18.invokeMethod(Wrapper18.java)
	at com.alibaba.dubbo.rpc.proxy.javassist.JavassistProxyFactory$1.doInvoke(JavassistProxyFactory.java:47)
	at com.alibaba.dubbo.rpc.proxy.AbstractProxyInvoker.invoke(AbstractProxyInvoker.java:76)
	at com.alibaba.dubbo.config.invoker.DelegateProviderMetaDataInvoker.invoke(DelegateProviderMetaDataInvoker.java:52)
	at com.alibaba.dubbo.rpc.protocol.InvokerWrapper.invoke(InvokerWrapper.java:56)
	at com.alibaba.dubbo.rpc.filter.ExceptionFilter.invoke(ExceptionFilter.java:62)
	at com.alibaba.dubbo.rpc.protocol.ProtocolFilterWrapper$1.invoke(ProtocolFilterWrapper.java:72)
	at com.alibaba.dubbo.monitor.support.MonitorFilter.invoke(MonitorFilter.java:75)
	at com.alibaba.dubbo.rpc.protocol.ProtocolFilterWrapper$1.invoke(ProtocolFilterWrapper.java:72)
	at com.alibaba.dubbo.rpc.filter.TimeoutFilter.invoke(TimeoutFilter.java:42)
	at com.alibaba.dubbo.rpc.protocol.ProtocolFilterWrapper$1.invoke(ProtocolFilterWrapper.java:72)
	at com.alibaba.dubbo.rpc.protocol.dubbo.filter.TraceFilter.invoke(TraceFilter.java:78)
	at com.alibaba.dubbo.rpc.protocol.ProtocolFilterWrapper$1.invoke(ProtocolFilterWrapper.java:72)
	at com.alibaba.dubbo.rpc.filter.ContextFilter.invoke(ContextFilter.java:73)
	at com.alibaba.dubbo.rpc.protocol.ProtocolFilterWrapper$1.invoke(ProtocolFilterWrapper.java:72)
	at com.alibaba.dubbo.rpc.filter.GenericFilter.invoke(GenericFilter.java:138)
	at com.alibaba.dubbo.rpc.protocol.ProtocolFilterWrapper$1.invoke(ProtocolFilterWrapper.java:72)
	at com.alibaba.dubbo.rpc.filter.ClassLoaderFilter.invoke(ClassLoaderFilter.java:38)
	at com.alibaba.dubbo.rpc.protocol.ProtocolFilterWrapper$1.invoke(ProtocolFilterWrapper.java:72)
	at com.alibaba.dubbo.rpc.filter.EchoFilter.invoke(EchoFilter.java:38)
	at com.alibaba.dubbo.rpc.protocol.ProtocolFilterWrapper$1.invoke(ProtocolFilterWrapper.java:72)
	at com.alibaba.dubbo.rpc.protocol.dubbo.DubboProtocol$1.reply(DubboProtocol.java:104)
	at com.alibaba.dubbo.remoting.exchange.support.header.HeaderExchangeHandler.handleRequest(HeaderExchangeHandler.java:96)
	at com.alibaba.dubbo.remoting.exchange.support.header.HeaderExchangeHandler.received(HeaderExchangeHandler.java:173)
	at com.alibaba.dubbo.remoting.transport.DecodeHandler.received(DecodeHandler.java:51)
	at com.alibaba.dubbo.remoting.transport.dispatcher.ChannelEventRunnable.run(ChannelEventRunnable.java:57)
	at java.util.concurrent.ThreadPoolExecutor.runWorker(ThreadPoolExecutor.java:1149)
	at java.util.concurrent.ThreadPoolExecutor$Worker.run(ThreadPoolExecutor.java:624)
	at java.lang.Thread.run(Thread.java:748)
2019-05-29 02:02:32.955 [http-nio-7091-exec-1] ERROR o.a.c.c.C.[.[.[.[dispatcherServlet]
				-Servlet.service() for servlet [dispatcherServlet] in context with path [/app] threw exception [Request processing failed; nested exception is java.lang.ClassCastException: java.lang.Integer cannot be cast to java.lang.Long] with root cause
java.lang.ClassCastException: java.lang.Integer cannot be cast to java.lang.Long
	at com.dk.provider.rake.service.impl.RakeRecordServiceImpl.countRebate(RakeRecordServiceImpl.java:85)
	at com.dk.provider.rake.service.impl.RakeRecordServiceImpl.queryRebate(RakeRecordServiceImpl.java:71)
	at com.alibaba.dubbo.common.bytecode.Wrapper18.invokeMethod(Wrapper18.java)
	at com.alibaba.dubbo.rpc.proxy.javassist.JavassistProxyFactory$1.doInvoke(JavassistProxyFactory.java:47)
	at com.alibaba.dubbo.rpc.proxy.AbstractProxyInvoker.invoke(AbstractProxyInvoker.java:76)
	at com.alibaba.dubbo.config.invoker.DelegateProviderMetaDataInvoker.invoke(DelegateProviderMetaDataInvoker.java:52)
	at com.alibaba.dubbo.rpc.protocol.InvokerWrapper.invoke(InvokerWrapper.java:56)
	at com.alibaba.dubbo.rpc.filter.ExceptionFilter.invoke(ExceptionFilter.java:62)
	at com.alibaba.dubbo.rpc.protocol.ProtocolFilterWrapper$1.invoke(ProtocolFilterWrapper.java:72)
	at com.alibaba.dubbo.monitor.support.MonitorFilter.invoke(MonitorFilter.java:75)
	at com.alibaba.dubbo.rpc.protocol.ProtocolFilterWrapper$1.invoke(ProtocolFilterWrapper.java:72)
	at com.alibaba.dubbo.rpc.filter.TimeoutFilter.invoke(TimeoutFilter.java:42)
	at com.alibaba.dubbo.rpc.protocol.ProtocolFilterWrapper$1.invoke(ProtocolFilterWrapper.java:72)
	at com.alibaba.dubbo.rpc.protocol.dubbo.filter.TraceFilter.invoke(TraceFilter.java:78)
	at com.alibaba.dubbo.rpc.protocol.ProtocolFilterWrapper$1.invoke(ProtocolFilterWrapper.java:72)
	at com.alibaba.dubbo.rpc.filter.ContextFilter.invoke(ContextFilter.java:73)
	at com.alibaba.dubbo.rpc.protocol.ProtocolFilterWrapper$1.invoke(ProtocolFilterWrapper.java:72)
	at com.alibaba.dubbo.rpc.filter.GenericFilter.invoke(GenericFilter.java:138)
	at com.alibaba.dubbo.rpc.protocol.ProtocolFilterWrapper$1.invoke(ProtocolFilterWrapper.java:72)
	at com.alibaba.dubbo.rpc.filter.ClassLoaderFilter.invoke(ClassLoaderFilter.java:38)
	at com.alibaba.dubbo.rpc.protocol.ProtocolFilterWrapper$1.invoke(ProtocolFilterWrapper.java:72)
	at com.alibaba.dubbo.rpc.filter.EchoFilter.invoke(EchoFilter.java:38)
	at com.alibaba.dubbo.rpc.protocol.ProtocolFilterWrapper$1.invoke(ProtocolFilterWrapper.java:72)
	at com.alibaba.dubbo.rpc.protocol.dubbo.DubboProtocol$1.reply(DubboProtocol.java:104)
	at com.alibaba.dubbo.remoting.exchange.support.header.HeaderExchangeHandler.handleRequest(HeaderExchangeHandler.java:96)
	at com.alibaba.dubbo.remoting.exchange.support.header.HeaderExchangeHandler.received(HeaderExchangeHandler.java:173)
	at com.alibaba.dubbo.remoting.transport.DecodeHandler.received(DecodeHandler.java:51)
	at com.alibaba.dubbo.remoting.transport.dispatcher.ChannelEventRunnable.run(ChannelEventRunnable.java:57)
	at java.util.concurrent.ThreadPoolExecutor.runWorker(ThreadPoolExecutor.java:1149)
	at java.util.concurrent.ThreadPoolExecutor$Worker.run(ThreadPoolExecutor.java:624)
	at java.lang.Thread.run(Thread.java:748)
2019-05-29 02:02:36.418 [http-nio-7091-exec-3] ERROR o.a.c.c.C.[.[.[.[dispatcherServlet]
				-Servlet.service() for servlet [dispatcherServlet] in context with path [/app] threw exception [Request processing failed; nested exception is java.lang.ClassCastException: java.lang.Integer cannot be cast to java.lang.Long] with root cause
java.lang.ClassCastException: java.lang.Integer cannot be cast to java.lang.Long
	at com.dk.provider.rake.service.impl.RakeRecordServiceImpl.countRebate(RakeRecordServiceImpl.java:85)
	at com.dk.provider.rake.service.impl.RakeRecordServiceImpl.queryRebate(RakeRecordServiceImpl.java:71)
	at com.alibaba.dubbo.common.bytecode.Wrapper18.invokeMethod(Wrapper18.java)
	at com.alibaba.dubbo.rpc.proxy.javassist.JavassistProxyFactory$1.doInvoke(JavassistProxyFactory.java:47)
	at com.alibaba.dubbo.rpc.proxy.AbstractProxyInvoker.invoke(AbstractProxyInvoker.java:76)
	at com.alibaba.dubbo.config.invoker.DelegateProviderMetaDataInvoker.invoke(DelegateProviderMetaDataInvoker.java:52)
	at com.alibaba.dubbo.rpc.protocol.InvokerWrapper.invoke(InvokerWrapper.java:56)
	at com.alibaba.dubbo.rpc.filter.ExceptionFilter.invoke(ExceptionFilter.java:62)
	at com.alibaba.dubbo.rpc.protocol.ProtocolFilterWrapper$1.invoke(ProtocolFilterWrapper.java:72)
	at com.alibaba.dubbo.monitor.support.MonitorFilter.invoke(MonitorFilter.java:75)
	at com.alibaba.dubbo.rpc.protocol.ProtocolFilterWrapper$1.invoke(ProtocolFilterWrapper.java:72)
	at com.alibaba.dubbo.rpc.filter.TimeoutFilter.invoke(TimeoutFilter.java:42)
	at com.alibaba.dubbo.rpc.protocol.ProtocolFilterWrapper$1.invoke(ProtocolFilterWrapper.java:72)
	at com.alibaba.dubbo.rpc.protocol.dubbo.filter.TraceFilter.invoke(TraceFilter.java:78)
	at com.alibaba.dubbo.rpc.protocol.ProtocolFilterWrapper$1.invoke(ProtocolFilterWrapper.java:72)
	at com.alibaba.dubbo.rpc.filter.ContextFilter.invoke(ContextFilter.java:73)
	at com.alibaba.dubbo.rpc.protocol.ProtocolFilterWrapper$1.invoke(ProtocolFilterWrapper.java:72)
	at com.alibaba.dubbo.rpc.filter.GenericFilter.invoke(GenericFilter.java:138)
	at com.alibaba.dubbo.rpc.protocol.ProtocolFilterWrapper$1.invoke(ProtocolFilterWrapper.java:72)
	at com.alibaba.dubbo.rpc.filter.ClassLoaderFilter.invoke(ClassLoaderFilter.java:38)
	at com.alibaba.dubbo.rpc.protocol.ProtocolFilterWrapper$1.invoke(ProtocolFilterWrapper.java:72)
	at com.alibaba.dubbo.rpc.filter.EchoFilter.invoke(EchoFilter.java:38)
	at com.alibaba.dubbo.rpc.protocol.ProtocolFilterWrapper$1.invoke(ProtocolFilterWrapper.java:72)
	at com.alibaba.dubbo.rpc.protocol.dubbo.DubboProtocol$1.reply(DubboProtocol.java:104)
	at com.alibaba.dubbo.remoting.exchange.support.header.HeaderExchangeHandler.handleRequest(HeaderExchangeHandler.java:96)
	at com.alibaba.dubbo.remoting.exchange.support.header.HeaderExchangeHandler.received(HeaderExchangeHandler.java:173)
	at com.alibaba.dubbo.remoting.transport.DecodeHandler.received(DecodeHandler.java:51)
	at com.alibaba.dubbo.remoting.transport.dispatcher.ChannelEventRunnable.run(ChannelEventRunnable.java:57)
	at java.util.concurrent.ThreadPoolExecutor.runWorker(ThreadPoolExecutor.java:1149)
	at java.util.concurrent.ThreadPoolExecutor$Worker.run(ThreadPoolExecutor.java:624)
	at java.lang.Thread.run(Thread.java:748)
2019-05-29 02:06:59.018 [http-nio-7091-exec-4] ERROR o.a.c.c.C.[.[.[.[dispatcherServlet]
				-Servlet.service() for servlet [dispatcherServlet] in context with path [/app] threw exception [Request processing failed; nested exception is java.lang.ClassCastException: java.lang.Integer cannot be cast to java.lang.Long] with root cause
java.lang.ClassCastException: java.lang.Integer cannot be cast to java.lang.Long
	at com.dk.provider.rake.service.impl.RakeRecordServiceImpl.countRebate(RakeRecordServiceImpl.java:85)
	at com.dk.provider.rake.service.impl.RakeRecordServiceImpl.queryRebate(RakeRecordServiceImpl.java:71)
	at com.alibaba.dubbo.common.bytecode.Wrapper18.invokeMethod(Wrapper18.java)
	at com.alibaba.dubbo.rpc.proxy.javassist.JavassistProxyFactory$1.doInvoke(JavassistProxyFactory.java:47)
	at com.alibaba.dubbo.rpc.proxy.AbstractProxyInvoker.invoke(AbstractProxyInvoker.java:76)
	at com.alibaba.dubbo.config.invoker.DelegateProviderMetaDataInvoker.invoke(DelegateProviderMetaDataInvoker.java:52)
	at com.alibaba.dubbo.rpc.protocol.InvokerWrapper.invoke(InvokerWrapper.java:56)
	at com.alibaba.dubbo.rpc.filter.ExceptionFilter.invoke(ExceptionFilter.java:62)
	at com.alibaba.dubbo.rpc.protocol.ProtocolFilterWrapper$1.invoke(ProtocolFilterWrapper.java:72)
	at com.alibaba.dubbo.monitor.support.MonitorFilter.invoke(MonitorFilter.java:75)
	at com.alibaba.dubbo.rpc.protocol.ProtocolFilterWrapper$1.invoke(ProtocolFilterWrapper.java:72)
	at com.alibaba.dubbo.rpc.filter.TimeoutFilter.invoke(TimeoutFilter.java:42)
	at com.alibaba.dubbo.rpc.protocol.ProtocolFilterWrapper$1.invoke(ProtocolFilterWrapper.java:72)
	at com.alibaba.dubbo.rpc.protocol.dubbo.filter.TraceFilter.invoke(TraceFilter.java:78)
	at com.alibaba.dubbo.rpc.protocol.ProtocolFilterWrapper$1.invoke(ProtocolFilterWrapper.java:72)
	at com.alibaba.dubbo.rpc.filter.ContextFilter.invoke(ContextFilter.java:73)
	at com.alibaba.dubbo.rpc.protocol.ProtocolFilterWrapper$1.invoke(ProtocolFilterWrapper.java:72)
	at com.alibaba.dubbo.rpc.filter.GenericFilter.invoke(GenericFilter.java:138)
	at com.alibaba.dubbo.rpc.protocol.ProtocolFilterWrapper$1.invoke(ProtocolFilterWrapper.java:72)
	at com.alibaba.dubbo.rpc.filter.ClassLoaderFilter.invoke(ClassLoaderFilter.java:38)
	at com.alibaba.dubbo.rpc.protocol.ProtocolFilterWrapper$1.invoke(ProtocolFilterWrapper.java:72)
	at com.alibaba.dubbo.rpc.filter.EchoFilter.invoke(EchoFilter.java:38)
	at com.alibaba.dubbo.rpc.protocol.ProtocolFilterWrapper$1.invoke(ProtocolFilterWrapper.java:72)
	at com.alibaba.dubbo.rpc.protocol.dubbo.DubboProtocol$1.reply(DubboProtocol.java:104)
	at com.alibaba.dubbo.remoting.exchange.support.header.HeaderExchangeHandler.handleRequest(HeaderExchangeHandler.java:96)
	at com.alibaba.dubbo.remoting.exchange.support.header.HeaderExchangeHandler.received(HeaderExchangeHandler.java:173)
	at com.alibaba.dubbo.remoting.transport.DecodeHandler.received(DecodeHandler.java:51)
	at com.alibaba.dubbo.remoting.transport.dispatcher.ChannelEventRunnable.run(ChannelEventRunnable.java:57)
	at java.util.concurrent.ThreadPoolExecutor.runWorker(ThreadPoolExecutor.java:1149)
	at java.util.concurrent.ThreadPoolExecutor$Worker.run(ThreadPoolExecutor.java:624)
	at java.lang.Thread.run(Thread.java:748)
